I, [2022-10-05T10:37:01.865279 #41049]  INFO -- : Registered expected interaction GET /user/10
D, [2022-10-05T10:37:01.865643 #41049] DEBUG -- : {
  "description": "A request to login with user 'sally'",
  "providerState": "User sally exists",
  "request": {
    "method": "GET",
    "path": {
      "json_class": "Pact::Term",
      "data": {
        "generate": "/user/10",
        "matcher": {
          "json_class": "Regexp",
          "o": 0,
          "s": "/user/[0-9]+"
        }
      }
    },
    "headers": {
      "Authorization": {
        "json_class": "Pact::SomethingLike",
        "contents": "Bearer 2019-01-01"
      }
    }
  },
  "response": {
    "status": 200,
    "headers": {
      "Content-Type": {
        "json_class": "Pact::Term",
        "data": {
          "generate": "application/json; charset=utf-8",
          "matcher": {
            "json_class": "Regexp",
            "o": 0,
            "s": "application\\/json"
          }
        }
      },
      "X-Api-Correlation-Id": {
        "json_class": "Pact::SomethingLike",
        "contents": "100"
      }
    },
    "body": {
      "firstName": {
        "json_class": "Pact::SomethingLike",
        "contents": "Sally"
      },
      "id": {
        "json_class": "Pact::SomethingLike",
        "contents": 10
      },
      "lastName": {
        "json_class": "Pact::SomethingLike",
        "contents": "McSmiley Face😀😍"
      },
      "type": {
        "json_class": "Pact::Term",
        "data": {
          "generate": "admin",
          "matcher": {
            "json_class": "Regexp",
            "o": 0,
            "s": "^(admin|user|guest)$"
          }
        }
      },
      "username": {
        "json_class": "Pact::SomethingLike",
        "contents": "sally"
      }
    }
  },
  "metadata": null
}
I, [2022-10-05T10:37:01.869534 #41049]  INFO -- : Received request GET /user/10
D, [2022-10-05T10:37:01.869703 #41049] DEBUG -- : {
  "path": "/user/10",
  "query": "",
  "method": "get",
  "headers": {
    "Host": "localhost:63462",
    "User-Agent": "Admin Service",
    "Accept": "application/json",
    "Authorization": "Bearer 2019-01-01",
    "Accept-Encoding": "gzip",
    "Version": "HTTP/1.1"
  }
}
I, [2022-10-05T10:37:01.870116 #41049]  INFO -- : Found matching response for GET /user/10
D, [2022-10-05T10:37:01.870317 #41049] DEBUG -- : {
  "status": 200,
  "headers": {
    "Content-Type": {
      "json_class": "Pact::Term",
      "data": {
        "generate": "application/json; charset=utf-8",
        "matcher": {
          "json_class": "Regexp",
          "o": 0,
          "s": "application\\/json"
        }
      }
    },
    "X-Api-Correlation-Id": {
      "json_class": "Pact::SomethingLike",
      "contents": "100"
    }
  },
  "body": {
    "firstName": {
      "json_class": "Pact::SomethingLike",
      "contents": "Sally"
    },
    "id": {
      "json_class": "Pact::SomethingLike",
      "contents": 10
    },
    "lastName": {
      "json_class": "Pact::SomethingLike",
      "contents": "McSmiley Face😀😍"
    },
    "type": {
      "json_class": "Pact::Term",
      "data": {
        "generate": "admin",
        "matcher": {
          "json_class": "Regexp",
          "o": 0,
          "s": "^(admin|user|guest)$"
        }
      }
    },
    "username": {
      "json_class": "Pact::SomethingLike",
      "contents": "sally"
    }
  }
}
I, [2022-10-05T10:37:01.871258 #41049]  INFO -- : Verifying - interactions matched
I, [2022-10-05T10:37:01.872145 #41049]  INFO -- : Cleared interactions
I, [2022-10-05T10:37:01.874294 #41049]  INFO -- : Registered expected interaction GET /user/10
D, [2022-10-05T10:37:01.874455 #41049] DEBUG -- : {
  "description": "A request to login with user 'sally'",
  "providerState": "User sally does not exist",
  "request": {
    "method": "GET",
    "path": {
      "json_class": "Pact::Term",
      "data": {
        "generate": "/user/10",
        "matcher": {
          "json_class": "Regexp",
          "o": 0,
          "s": "/user/[0-9]+"
        }
      }
    },
    "headers": {
      "Authorization": {
        "json_class": "Pact::SomethingLike",
        "contents": "Bearer 2019-01-01"
      }
    }
  },
  "response": {
    "status": 404,
    "headers": {
      "Content-Type": {
        "json_class": "Pact::Term",
        "data": {
          "generate": "application/json; charset=utf-8",
          "matcher": {
            "json_class": "Regexp",
            "o": 0,
            "s": "application\\/json"
          }
        }
      },
      "X-Api-Correlation-Id": {
        "json_class": "Pact::SomethingLike",
        "contents": "100"
      }
    }
  },
  "metadata": null
}
I, [2022-10-05T10:37:01.875285 #41049]  INFO -- : Received request GET /user/10
D, [2022-10-05T10:37:01.875380 #41049] DEBUG -- : {
  "path": "/user/10",
  "query": "",
  "method": "get",
  "headers": {
    "Host": "localhost:63462",
    "User-Agent": "Admin Service",
    "Accept": "application/json",
    "Authorization": "Bearer 2019-01-01",
    "Accept-Encoding": "gzip",
    "Version": "HTTP/1.1"
  }
}
I, [2022-10-05T10:37:01.875545 #41049]  INFO -- : Found matching response for GET /user/10
D, [2022-10-05T10:37:01.875651 #41049] DEBUG -- : {
  "status": 404,
  "headers": {
    "Content-Type": {
      "json_class": "Pact::Term",
      "data": {
        "generate": "application/json; charset=utf-8",
        "matcher": {
          "json_class": "Regexp",
          "o": 0,
          "s": "application\\/json"
        }
      }
    },
    "X-Api-Correlation-Id": {
      "json_class": "Pact::SomethingLike",
      "contents": "100"
    }
  }
}
I, [2022-10-05T10:37:01.876426 #41049]  INFO -- : Cleared interactions
I, [2022-10-05T10:37:01.878192 #41049]  INFO -- : Registered expected interaction GET /user/10
D, [2022-10-05T10:37:01.878326 #41049] DEBUG -- : {
  "description": "A request to login with user 'sally'",
  "providerState": "User is not authenticated",
  "request": {
    "method": "GET",
    "path": {
      "json_class": "Pact::Term",
      "data": {
        "generate": "/user/10",
        "matcher": {
          "json_class": "Regexp",
          "o": 0,
          "s": "/user/[0-9]+"
        }
      }
    }
  },
  "response": {
    "status": 401,
    "headers": {
      "Content-Type": {
        "json_class": "Pact::Term",
        "data": {
          "generate": "application/json; charset=utf-8",
          "matcher": {
            "json_class": "Regexp",
            "o": 0,
            "s": "application\\/json"
          }
        }
      },
      "X-Api-Correlation-Id": {
        "json_class": "Pact::SomethingLike",
        "contents": "100"
      }
    }
  },
  "metadata": null
}
I, [2022-10-05T10:37:01.879930 #41049]  INFO -- : Received request GET /user/10
D, [2022-10-05T10:37:01.880015 #41049] DEBUG -- : {
  "path": "/user/10",
  "query": "",
  "method": "get",
  "headers": {
    "Host": "localhost:63462",
    "User-Agent": "Admin Service",
    "Accept": "application/json",
    "Accept-Encoding": "gzip",
    "Version": "HTTP/1.1"
  }
}
I, [2022-10-05T10:37:01.880149 #41049]  INFO -- : Found matching response for GET /user/10
D, [2022-10-05T10:37:01.880281 #41049] DEBUG -- : {
  "status": 401,
  "headers": {
    "Content-Type": {
      "json_class": "Pact::Term",
      "data": {
        "generate": "application/json; charset=utf-8",
        "matcher": {
          "json_class": "Regexp",
          "o": 0,
          "s": "application\\/json"
        }
      }
    },
    "X-Api-Correlation-Id": {
      "json_class": "Pact::SomethingLike",
      "contents": "100"
    }
  }
}
I, [2022-10-05T10:37:01.880983 #41049]  INFO -- : Cleared interactions
